<?xml version="1.0" encoding="UTF-8" standalone="no"?>
<testsuite errors="0" failures="0" name="io.cucumber.core.plugin.JUnitFormatter" skipped="0" tests="2" time="38.207">
    <testcase classname="Check googlesearch is working" name="validate good search is working" time="35.604">
        <system-out>
            <![CDATA[Given browser is open.......................................................passed
And user is on googlesearch page............................................passed
When user enters a text in serach box.......................................passed
And hits enter..............................................................passed
And user navigated to searched results......................................passed
]]>
        </system-out>
    </testcase>
    <testcase classname="feature to test login" name="check login working with valid credentials" time="0.051">
        <system-out>
            <![CDATA[Given user is on login page.................................................passed
When user enters the username and password..................................passed
And clicks on login button..................................................passed
Then user is navigated to the home page.....................................passed
]]>
        </system-out>
    </testcase>
</testsuite>
